

Microchip MPLAB XC8 Assembler V3.00 build 20241204225717 
                                                                                               Sat Mar 15 18:57:14 2025

Microchip MPLAB XC8 C Compiler v3.00 (Free license) build 20241204225717 Og1 
     1                           	processor	18F45Q10
     2                           	fnconf	rparam,??,?,0
     3                           	pagewidth 120
     4                           	opt	flic
     5                           	psect	cinit,global,reloc=2,class=CODE,space=0,delta=1
     6                           	psect	cstackCOMRAM,global,class=COMRAM,space=1,delta=1,lowdata,noexec
     7                           	psect	text0,global,reloc=2,class=CODE,space=0,delta=1
     8                           	psect	text1,global,reloc=2,class=CODE,space=0,delta=1
     9                           	psect	text2,global,reloc=2,class=CODE,space=0,delta=1
    10                           	psect	text3,global,reloc=2,class=CODE,space=0,delta=1
    11                           	psect	text4,global,reloc=2,class=CODE,space=0,delta=1
    12                           	psect	text5,global,reloc=2,class=CODE,space=0,delta=1
    13                           	psect	text6,global,reloc=2,class=CODE,space=0,delta=1
    14                           	psect	text7,global,reloc=2,class=CODE,space=0,delta=1
    15                           	psect	smallconst,global,reloc=2,class=SMALLCONST,space=0,delta=1,noexec
    16                           	psect	intsave_regs,global,class=BIGRAM,space=1,delta=1,noexec
    17                           	psect	rparam,global,class=COMRAM,space=1,delta=1,noexec
    18                           	psect	config,global,abs,ovrld,class=CONFIG,space=4,delta=1,noexec
    19   000000                     
    20                           ; Generated 25/11/2024 GMT
    21                           ; 
    22                           ; Copyright © 2024, Microchip Technology Inc. and its subsidiaries ("Microchip")
    23                           ; All rights reserved.
    24                           ; 
    25                           ; This software is developed by Microchip Technology Inc. and its subsidiaries ("Microch
      +                          ip").
    26                           ; 
    27                           ; Redistribution and use in source and binary forms, with or without modification, are
    28                           ; permitted provided that the following conditions are met:
    29                           ; 
    30                           ;     1. Redistributions of source code must retain the above copyright notice, this lis
      +                          t of
    31                           ;        conditions and the following disclaimer.
    32                           ; 
    33                           ;     2. Redistributions in binary form must reproduce the above copyright notice, this 
      +                          list
    34                           ;        of conditions and the following disclaimer in the documentation and/or other
    35                           ;        materials provided with the distribution. Publication is not required when
    36                           ;        this file is used in an embedded application.
    37                           ; 
    38                           ;     3. Microchip's name may not be used to endorse or promote products derived from th
      +                          is
    39                           ;        software without specific prior written permission.
    40                           ; 
    41                           ; THIS SOFTWARE IS PROVIDED BY MICROCHIP "AS IS" AND ANY EXPRESS OR IMPLIED WARRANTIES,
    42                           ; INCLUDING, BUT NOT LIMITED TO, THE IMPLIED WARRANTIES OF MERCHANTABILITY AND FITNESS F
      +                          OR
    43                           ; PURPOSE ARE DISCLAIMED.  IN NO EVENT SHALL MICROCHIP BE LIABLE FOR ANY DIRECT, INDIREC
      +                          T,
    44                           ; INCIDENTAL, SPECIAL, EXEMPLARY, OR CONSEQUENTIAL DAMAGES (INCLUDING BUT NOT LIMITED TO
    45                           ; PROCUREMENT OF SUBSTITUTE GOODS OR SERVICES; LOSS OF USE, DATA OR PROFITS; OR BUSINESS
    46                           ; INTERRUPTION) HOWSOEVER CAUSED AND ON ANY THEORY OF LIABILITY, WHETHER IN CONTRACT, ST
      +                          RICT
    47                           ; LIABILITY, OR TORT (INCLUDING NEGLIGENCE OR OTHERWISE) ARISING IN ANY WAY OUT OF THE U
      +                          SE OF
    48                           ; THIS SOFTWARE, EVEN IF ADVISED OF THE POSSIBILITY OF SUCH DAMAGE.
    49                           ; 
    50                           ; 
    51                           ; Code-generator required, PIC18F45Q10 Definitions
    52                           ; 
    53                           ; SFR Addresses
    54   000FE0                     bsr             equ	4064
    55   000FE9                     fsr0            equ	4073
    56   000FEA                     fsr0h           equ	4074
    57   000FE9                     fsr0l           equ	4073
    58   000FE1                     fsr1            equ	4065
    59   000FE2                     fsr1h           equ	4066
    60   000FE1                     fsr1l           equ	4065
    61   000FD9                     fsr2            equ	4057
    62   000FDA                     fsr2h           equ	4058
    63   000FD9                     fsr2l           equ	4057
    64   000FEF                     indf0           equ	4079
    65   000FE7                     indf1           equ	4071
    66   000FDF                     indf2           equ	4063
    67   000FF2                     intcon          equ	4082
    68   000F80                     nvmcon          equ	3968
    69   000FF9                     pcl             equ	4089
    70   000FFA                     pclath          equ	4090
    71   000FFB                     pclatu          equ	4091
    72   000FEB                     plusw0          equ	4075
    73   000FE3                     plusw1          equ	4067
    74   000FDB                     plusw2          equ	4059
    75   000FED                     postdec0        equ	4077
    76   000FE5                     postdec1        equ	4069
    77   000FDD                     postdec2        equ	4061
    78   000FEE                     postinc0        equ	4078
    79   000FE6                     postinc1        equ	4070
    80   000FDE                     postinc2        equ	4062
    81   000FEC                     preinc0         equ	4076
    82   000FE4                     preinc1         equ	4068
    83   000FDC                     preinc2         equ	4060
    84   000FF3                     prod            equ	4083
    85   000FF4                     prodh           equ	4084
    86   000FF3                     prodl           equ	4083
    87   000FD8                     status          equ	4056
    88   000FF5                     tablat          equ	4085
    89   000FF6                     tblptr          equ	4086
    90   000FF7                     tblptrh         equ	4087
    91   000FF6                     tblptrl         equ	4086
    92   000FF8                     tblptru         equ	4088
    93   000FFD                     tosl            equ	4093
    94   000FE8                     wreg            equ	4072
    95   000000                     
    96                           ; #config settings
    97                           
    98                           	psect	cinit
    99   000EAA                     __pcinit:
   100                           	callstack 0
   101   000EAA                     start_initialization:
   102                           	callstack 0
   103   000EAA                     __initialization:
   104                           	callstack 0
   105   000EAA                     end_of_initialization:
   106                           	callstack 0
   107   000EAA                     __end_of__initialization:
   108                           	callstack 0
   109   000EAA  0E00               	movlw	low (__Lmediumconst shr (0+16))
   110   000EAC  6EF8               	movwf	tblptru,c
   111   000EAE  0100               	movlb	0
   112   000EB0  EF5A  F007         	goto	_main	;jump to C main() function
   113                           
   114                           	psect	cstackCOMRAM
   115   000001                     __pcstackCOMRAM:
   116                           	callstack 0
   117   000001                     GPIO_SetDirection@pin:
   118                           	callstack 0
   119   000001                     GPIO_Write@pin:
   120                           	callstack 0
   121   000001                     GPIO_Read@pin:
   122                           	callstack 0
   123   000001                     delay_ms@ms:
   124                           	callstack 0
   125   000001                     
   126                           ; 1 bytes @ 0x0
   127   000001                     	ds	1
   128   000002                     GPIO_SetDirection@direction:
   129                           	callstack 0
   130   000002                     GPIO_Write@value:
   131                           	callstack 0
   132   000002                     ??_GPIO_Read:
   133                           
   134                           ; 1 bytes @ 0x1
   135   000002                     	ds	1
   136   000003                     delay_ms@j:
   137                           	callstack 0
   138   000003                     ??_GPIO_SetDirection:
   139   000003                     ??_GPIO_Write:
   140   000003                     
   141                           ; 1 bytes @ 0x2
   142   000003                     	ds	1
   143   000004                     GPIO_Read@port:
   144                           	callstack 0
   145                           
   146                           ; 1 bytes @ 0x3
   147   000004                     	ds	1
   148   000005                     _GPIO_Read$119:
   149                           	callstack 0
   150                           
   151                           ; 2 bytes @ 0x4
   152   000005                     	ds	1
   153   000006                     GPIO_SetDirection@port:
   154                           	callstack 0
   155   000006                     GPIO_Write@port:
   156                           	callstack 0
   157                           
   158                           ; 1 bytes @ 0x5
   159   000006                     	ds	1
   160   000007                     _GPIO_SetDirection$106:
   161                           	callstack 0
   162   000007                     _GPIO_Write$113:
   163                           	callstack 0
   164   000007                     _GPIO_Read$120:
   165                           	callstack 0
   166                           
   167                           ; 2 bytes @ 0x6
   168   000007                     	ds	2
   169   000009                     _GPIO_SetDirection$107:
   170                           	callstack 0
   171   000009                     _GPIO_Write$114:
   172                           	callstack 0
   173   000009                     _GPIO_Read$121:
   174                           	callstack 0
   175                           
   176                           ; 2 bytes @ 0x8
   177   000009                     	ds	2
   178   00000B                     GPIO_ReadDebounced@pin:
   179                           	callstack 0
   180   00000B                     _GPIO_SetDirection$108:
   181                           	callstack 0
   182   00000B                     _GPIO_Write$115:
   183                           	callstack 0
   184                           
   185                           ; 2 bytes @ 0xA
   186   00000B                     	ds	1
   187   00000C                     GPIO_ReadDebounced@debounce_counter:
   188                           	callstack 0
   189   00000C                     
   190                           ; 1 bytes @ 0xB
   191   00000C                     	ds	1
   192   00000D                     GPIO_ReadDebounced@i:
   193                           	callstack 0
   194                           
   195                           ; 1 bytes @ 0xC
   196   00000D                     	ds	1
   197   00000E                     GPIO_ReadDebounced@port:
   198                           	callstack 0
   199                           
   200                           ; 1 bytes @ 0xD
   201   00000E                     	ds	1
   202   00000F                     GPIO_ReadDebounced@temp_value:
   203                           	callstack 0
   204                           
   205                           ; 1 bytes @ 0xE
   206   00000F                     	ds	1
   207   000010                     GPIO_ReadDebounced@stable_value:
   208                           	callstack 0
   209                           
   210                           ; 1 bytes @ 0xF
   211   000010                     	ds	1
   212   000011                     
   213                           ; 1 bytes @ 0x10
   214 ;;
   215 ;;Main: autosize = 0, tempsize = 0, incstack = 0, save=0
   216 ;;
   217 ;; *************** function _main *****************
   218 ;; Defined at:
   219 ;;		line 27 in file "src/main.c"
   220 ;; Parameters:    Size  Location     Type
   221 ;;		None
   222 ;; Auto vars:     Size  Location     Type
   223 ;;		None
   224 ;; Return value:  Size  Location     Type
   225 ;;                  1    wreg      void 
   226 ;; Registers used:
   227 ;;		wreg, status,2, status,0, cstack
   228 ;; Tracked objects:
   229 ;;		On entry : 0/0
   230 ;;		On exit  : 0/0
   231 ;;		Unchanged: 0/0
   232 ;; Data sizes:     COMRAM   BANK0   BANK1   BANK2   BANK3   BANK4   BANK5   BANK6   BANK7
   233 ;;      Params:         0       0       0       0       0       0       0       0       0
   234 ;;      Locals:         0       0       0       0       0       0       0       0       0
   235 ;;      Temps:          0       0       0       0       0       0       0       0       0
   236 ;;      Totals:         0       0       0       0       0       0       0       0       0
   237 ;;Total ram usage:        0 bytes
   238 ;; Hardware stack levels required when called: 3
   239 ;; This function calls:
   240 ;;		_Example_Run
   241 ;; This function is called by:
   242 ;;		Startup code after reset
   243 ;; This function uses a non-reentrant model
   244 ;;
   245                           
   246                           	psect	text0
   247   000EB4                     __ptext0:
   248                           	callstack 0
   249   000EB4                     _main:
   250                           	callstack 28
   251   000EB4                     
   252                           ;src/main.c: 28:     Example_Run();
   253   000EB4  ECC0  F006         	call	_Example_Run	;wreg free
   254   000EB8  EFFE  F03F         	goto	start
   255   000EBC                     __end_of_main:
   256                           	callstack 0
   257                           
   258 ;; *************** function _Example_Run *****************
   259 ;; Defined at:
   260 ;;		line 34 in file "src/../examples/example_push_button.c"
   261 ;; Parameters:    Size  Location     Type
   262 ;;		None
   263 ;; Auto vars:     Size  Location     Type
   264 ;;		None
   265 ;; Return value:  Size  Location     Type
   266 ;;                  1    wreg      void 
   267 ;; Registers used:
   268 ;;		wreg, status,2, status,0, cstack
   269 ;; Tracked objects:
   270 ;;		On entry : 0/0
   271 ;;		On exit  : 0/0
   272 ;;		Unchanged: 0/0
   273 ;; Data sizes:     COMRAM   BANK0   BANK1   BANK2   BANK3   BANK4   BANK5   BANK6   BANK7
   274 ;;      Params:         0       0       0       0       0       0       0       0       0
   275 ;;      Locals:         0       0       0       0       0       0       0       0       0
   276 ;;      Temps:          0       0       0       0       0       0       0       0       0
   277 ;;      Totals:         0       0       0       0       0       0       0       0       0
   278 ;;Total ram usage:        0 bytes
   279 ;; Hardware stack levels used: 1
   280 ;; Hardware stack levels required when called: 2
   281 ;; This function calls:
   282 ;;		_GPIO_Init
   283 ;;		_GPIO_ReadDebounced
   284 ;;		_GPIO_SetDirection
   285 ;;		_GPIO_Write
   286 ;;		_delay_ms
   287 ;; This function is called by:
   288 ;;		_main
   289 ;; This function uses a non-reentrant model
   290 ;;
   291                           
   292                           	psect	text1
   293   000D80                     __ptext1:
   294                           	callstack 0
   295   000D80                     _Example_Run:
   296                           	callstack 28
   297   000D80                     
   298                           ;src/../examples/example_push_button.c: 36:     GPIO_Init();
   299   000D80  EC4E  F007         	call	_GPIO_Init	;wreg free
   300   000D84                     
   301                           ;src/../examples/example_push_button.c: 39:     GPIO_SetDirection(0, 0, GPIO_OUTPUT);
   302   000D84  0E00               	movlw	0
   303   000D86  6E01               	movwf	GPIO_SetDirection@pin^0,c
   304   000D88  0E00               	movlw	0
   305   000D8A  6E02               	movwf	GPIO_SetDirection@direction^0,c
   306   000D8C  0E00               	movlw	0
   307   000D8E  EC0C  F006         	call	_GPIO_SetDirection
   308   000D92                     
   309                           ;src/../examples/example_push_button.c: 42:     GPIO_SetDirection(1, 0, GPIO_INPUT);
   310   000D92  0E00               	movlw	0
   311   000D94  6E01               	movwf	GPIO_SetDirection@pin^0,c
   312   000D96  0E01               	movlw	1
   313   000D98  6E02               	movwf	GPIO_SetDirection@direction^0,c
   314   000D9A  0E01               	movlw	1
   315   000D9C  EC0C  F006         	call	_GPIO_SetDirection
   316   000DA0                     l1180:
   317                           
   318                           ;src/../examples/example_push_button.c: 46:         if (GPIO_ReadDebounced(1, 0)) {
   319   000DA0  0E00               	movlw	0
   320   000DA2  6E0B               	movwf	GPIO_ReadDebounced@pin^0,c
   321   000DA4  0E01               	movlw	1
   322   000DA6  EC24  F007         	call	_GPIO_ReadDebounced
   323   000DAA  0900               	iorlw	0
   324   000DAC  B4D8               	btfsc	status,2,c
   325   000DAE  EFDB  F006         	goto	u851
   326   000DB2  EFDD  F006         	goto	u850
   327   000DB6                     u851:
   328   000DB6  EFD0  F006         	goto	l1180
   329   000DBA                     u850:
   330   000DBA                     
   331                           ;src/../examples/example_push_button.c: 48:             GPIO_Write(0, 0, !(*(volatile PO
      +                          RTA_t*) 0xF82).RA0);
   332   000DBA  0E00               	movlw	0
   333   000DBC  6E01               	movwf	GPIO_Write@pin^0,c
   334   000DBE  A082               	btfss	130,0,c	;volatile
   335   000DC0  EFE4  F006         	goto	u861
   336   000DC4  EFE7  F006         	goto	u860
   337   000DC8                     u861:
   338   000DC8  0E01               	movlw	1
   339   000DCA  EFE8  F006         	goto	u870
   340   000DCE                     u860:
   341   000DCE  0E00               	movlw	0
   342   000DD0                     u870:
   343   000DD0  6E02               	movwf	GPIO_Write@value^0,c
   344   000DD2  0E00               	movlw	0
   345   000DD4  EC54  F005         	call	_GPIO_Write
   346                           
   347                           ;src/../examples/example_push_button.c: 51:             delay_ms(250);
   348   000DD8  0E00               	movlw	0
   349   000DDA  6E02               	movwf	(delay_ms@ms+1)^0,c
   350   000DDC  0EFA               	movlw	250
   351   000DDE  6E01               	movwf	delay_ms@ms^0,c
   352   000DE0  ECF5  F006         	call	_delay_ms	;wreg free
   353   000DE4  EFD0  F006         	goto	l1180
   354   000DE8  0012               	return		;funcret
   355   000DEA                     __end_of_Example_Run:
   356                           	callstack 0
   357                           
   358 ;; *************** function _delay_ms *****************
   359 ;; Defined at:
   360 ;;		line 23 in file "src/../examples/example_push_button.c"
   361 ;; Parameters:    Size  Location     Type
   362 ;;  ms              2    0[COMRAM] unsigned int 
   363 ;; Auto vars:     Size  Location     Type
   364 ;;  j               2    2[COMRAM] volatile unsigned int 
   365 ;; Return value:  Size  Location     Type
   366 ;;                  1    wreg      void 
   367 ;; Registers used:
   368 ;;		wreg, status,2, status,0
   369 ;; Tracked objects:
   370 ;;		On entry : 0/0
   371 ;;		On exit  : 0/0
   372 ;;		Unchanged: 0/0
   373 ;; Data sizes:     COMRAM   BANK0   BANK1   BANK2   BANK3   BANK4   BANK5   BANK6   BANK7
   374 ;;      Params:         2       0       0       0       0       0       0       0       0
   375 ;;      Locals:         2       0       0       0       0       0       0       0       0
   376 ;;      Temps:          0       0       0       0       0       0       0       0       0
   377 ;;      Totals:         4       0       0       0       0       0       0       0       0
   378 ;;Total ram usage:        4 bytes
   379 ;; Hardware stack levels used: 1
   380 ;; This function calls:
   381 ;;		Nothing
   382 ;; This function is called by:
   383 ;;		_Example_Run
   384 ;; This function uses a non-reentrant model
   385 ;;
   386                           
   387                           	psect	text2
   388   000DEA                     __ptext2:
   389                           	callstack 0
   390   000DEA                     _delay_ms:
   391                           	callstack 29
   392   000DEA                     l1076:
   393                           
   394                           ;src/../examples/example_push_button.c: 24:     while (ms--) {
   395   000DEA  EF16  F007         	goto	l1088
   396   000DEE                     l1078:
   397                           
   398                           ;src/../examples/example_push_button.c: 25:         for (volatile unsigned int j = 0; j 
      +                          < 500; j++) {
   399   000DEE  0E00               	movlw	0
   400   000DF0  6E04               	movwf	(delay_ms@j+1)^0,c	;volatile
   401   000DF2  0E00               	movlw	0
   402   000DF4  6E03               	movwf	delay_ms@j^0,c	;volatile
   403   000DF6  0EF4               	movlw	244
   404   000DF8  5C03               	subwf	delay_ms@j^0,w,c	;volatile
   405   000DFA  0E01               	movlw	1
   406   000DFC  5804               	subwfb	(delay_ms@j+1)^0,w,c	;volatile
   407   000DFE  A0D8               	btfss	status,0,c
   408   000E00  EF04  F007         	goto	u601
   409   000E04  EF06  F007         	goto	u600
   410   000E08                     u601:
   411   000E08  EF08  F007         	goto	l13
   412   000E0C                     u600:
   413   000E0C  EFF5  F006         	goto	l1076
   414   000E10                     l13:
   415   000E10  0000               	nop		;# 
   416   000E12                     
   417                           ;src/../examples/example_push_button.c: 27:         }
   418   000E12  4A03               	infsnz	delay_ms@j^0,f,c	;volatile
   419   000E14  2A04               	incf	(delay_ms@j+1)^0,f,c	;volatile
   420   000E16  0EF4               	movlw	244
   421   000E18  5C03               	subwf	delay_ms@j^0,w,c	;volatile
   422   000E1A  0E01               	movlw	1
   423   000E1C  5804               	subwfb	(delay_ms@j+1)^0,w,c	;volatile
   424   000E1E  A0D8               	btfss	status,0,c
   425   000E20  EF14  F007         	goto	u611
   426   000E24  EF16  F007         	goto	u610
   427   000E28                     u611:
   428   000E28  EF08  F007         	goto	l13
   429   000E2C                     u610:
   430   000E2C                     l1088:
   431                           
   432                           ;src/../examples/example_push_button.c: 24:     while (ms--) {
   433   000E2C  0601               	decf	delay_ms@ms^0,f,c
   434   000E2E  A0D8               	btfss	status,0,c
   435   000E30  0602               	decf	(delay_ms@ms+1)^0,f,c
   436   000E32  2801               	incf	delay_ms@ms^0,w,c
   437   000E34  E106               	bnz	u621
   438   000E36  2802               	incf	(delay_ms@ms+1)^0,w,c
   439   000E38  A4D8               	btfss	status,2,c
   440   000E3A  EF21  F007         	goto	u621
   441   000E3E  EF23  F007         	goto	u620
   442   000E42                     u621:
   443   000E42  EFF7  F006         	goto	l1078
   444   000E46                     u620:
   445   000E46  0012               	return		;funcret
   446   000E48                     __end_of_delay_ms:
   447                           	callstack 0
   448                           
   449 ;; *************** function _GPIO_Write *****************
   450 ;; Defined at:
   451 ;;		line 39 in file "src/gpio.c"
   452 ;; Parameters:    Size  Location     Type
   453 ;;  port            1    wreg     unsigned char 
   454 ;;  pin             1    0[COMRAM] unsigned char 
   455 ;;  value           1    1[COMRAM] unsigned char 
   456 ;; Auto vars:     Size  Location     Type
   457 ;;  port            1    5[COMRAM] unsigned char 
   458 ;; Return value:  Size  Location     Type
   459 ;;                  1    wreg      void 
   460 ;; Registers used:
   461 ;;		wreg, status,2, status,0
   462 ;; Tracked objects:
   463 ;;		On entry : 0/0
   464 ;;		On exit  : 0/0
   465 ;;		Unchanged: 0/0
   466 ;; Data sizes:     COMRAM   BANK0   BANK1   BANK2   BANK3   BANK4   BANK5   BANK6   BANK7
   467 ;;      Params:         2       0       0       0       0       0       0       0       0
   468 ;;      Locals:         7       0       0       0       0       0       0       0       0
   469 ;;      Temps:          3       0       0       0       0       0       0       0       0
   470 ;;      Totals:        12       0       0       0       0       0       0       0       0
   471 ;;Total ram usage:       12 bytes
   472 ;; Hardware stack levels used: 1
   473 ;; This function calls:
   474 ;;		Nothing
   475 ;; This function is called by:
   476 ;;		_Example_Run
   477 ;; This function uses a non-reentrant model
   478 ;;
   479                           
   480                           	psect	text3
   481   000AA8                     __ptext3:
   482                           	callstack 0
   483   000AA8                     _GPIO_Write:
   484                           	callstack 29
   485                           
   486                           ;incstack = 0
   487                           ;GPIO_Write@port stored from wreg
   488   000AA8  6E06               	movwf	GPIO_Write@port^0,c
   489   000AAA                     
   490                           ;src/gpio.c: 40:     if (pin > 7) return;
   491   000AAA  0E07               	movlw	7
   492   000AAC  6401               	cpfsgt	GPIO_Write@pin^0,c
   493   000AAE  EF5B  F005         	goto	u751
   494   000AB2  EF5D  F005         	goto	u750
   495   000AB6                     u751:
   496   000AB6  EF5F  F005         	goto	l55
   497   000ABA                     u750:
   498   000ABA  EF0B  F006         	goto	l56
   499   000ABE                     l55:
   500                           
   501                           ;src/gpio.c: 42:     (*(volatile INTCON_t*) 0xFF2).GIE = 0;
   502   000ABE  9EF2               	bcf	242,7,c	;volatile
   503                           
   504                           ;src/gpio.c: 44:     switch (port) {
   505   000AC0  EFFB  F005         	goto	l1172
   506   000AC4                     l1146:
   507                           
   508                           ;src/gpio.c: 46:             (*(volatile PORTA_t*) 0xF82).value = (value) ? ((*(volatile
      +                           PORTA_t*) 0xF82).value | (uint8_t)(1 << pin)) : ((*(volatile PORTA_t*) 0xF82).value & (
      +                          uint8_t)~(1 << pin));
   509   000AC4  5002               	movf	GPIO_Write@value^0,w,c
   510   000AC6  A4D8               	btfss	status,2,c
   511   000AC8  EF68  F005         	goto	u761
   512   000ACC  EF6A  F005         	goto	u760
   513   000AD0                     u761:
   514   000AD0  EF7F  F005         	goto	l1150
   515   000AD4                     u760:
   516   000AD4  C001  F003         	movff	GPIO_Write@pin,??_GPIO_Write
   517   000AD8  0E01               	movlw	1
   518   000ADA  6E04               	movwf	(??_GPIO_Write+1)^0,c
   519   000ADC  2A03               	incf	??_GPIO_Write^0,f,c
   520   000ADE  EF73  F005         	goto	u774
   521   000AE2                     u775:
   522   000AE2  90D8               	bcf	status,0,c
   523   000AE4  3604               	rlcf	(??_GPIO_Write+1)^0,f,c
   524   000AE6                     u774:
   525   000AE6  2E03               	decfsz	??_GPIO_Write^0,f,c
   526   000AE8  EF71  F005         	goto	u775
   527   000AEC  5004               	movf	(??_GPIO_Write+1)^0,w,c
   528   000AEE  0AFF               	xorlw	255
   529   000AF0  1482               	andwf	130,w,c	;volatile
   530   000AF2  6E05               	movwf	(??_GPIO_Write+2)^0,c
   531   000AF4  5005               	movf	(??_GPIO_Write+2)^0,w,c
   532   000AF6  6E07               	movwf	_GPIO_Write$113^0,c
   533   000AF8  6A08               	clrf	(_GPIO_Write$113+1)^0,c
   534   000AFA  EF91  F005         	goto	l1152
   535   000AFE                     l1150:
   536   000AFE  C001  F003         	movff	GPIO_Write@pin,??_GPIO_Write
   537   000B02  0E01               	movlw	1
   538   000B04  6E04               	movwf	(??_GPIO_Write+1)^0,c
   539   000B06  2A03               	incf	??_GPIO_Write^0,f,c
   540   000B08  EF88  F005         	goto	u784
   541   000B0C                     u785:
   542   000B0C  90D8               	bcf	status,0,c
   543   000B0E  3604               	rlcf	(??_GPIO_Write+1)^0,f,c
   544   000B10                     u784:
   545   000B10  2E03               	decfsz	??_GPIO_Write^0,f,c
   546   000B12  EF86  F005         	goto	u785
   547   000B16  5004               	movf	(??_GPIO_Write+1)^0,w,c
   548   000B18  1082               	iorwf	130,w,c	;volatile
   549   000B1A  6E05               	movwf	(??_GPIO_Write+2)^0,c
   550   000B1C  5005               	movf	(??_GPIO_Write+2)^0,w,c
   551   000B1E  6E07               	movwf	_GPIO_Write$113^0,c
   552   000B20  6A08               	clrf	(_GPIO_Write$113+1)^0,c
   553   000B22                     l1152:
   554   000B22  C007  FF82         	movff	_GPIO_Write$113,3970	;volatile
   555                           
   556                           ;src/gpio.c: 47:             break;
   557   000B26  EF0A  F006         	goto	l63
   558   000B2A                     l1154:
   559                           
   560                           ;src/gpio.c: 49:             (*(volatile PORTA_t*) 0xF83).value = (value) ? ((*(volatile
      +                           PORTA_t*) 0xF83).value | (uint8_t)(1 << pin)) : ((*(volatile PORTA_t*) 0xF83).value & (
      +                          uint8_t)~(1 << pin));
   561   000B2A  5002               	movf	GPIO_Write@value^0,w,c
   562   000B2C  A4D8               	btfss	status,2,c
   563   000B2E  EF9B  F005         	goto	u791
   564   000B32  EF9D  F005         	goto	u790
   565   000B36                     u791:
   566   000B36  EFB2  F005         	goto	l1158
   567   000B3A                     u790:
   568   000B3A  C001  F003         	movff	GPIO_Write@pin,??_GPIO_Write
   569   000B3E  0E01               	movlw	1
   570   000B40  6E04               	movwf	(??_GPIO_Write+1)^0,c
   571   000B42  2A03               	incf	??_GPIO_Write^0,f,c
   572   000B44  EFA6  F005         	goto	u804
   573   000B48                     u805:
   574   000B48  90D8               	bcf	status,0,c
   575   000B4A  3604               	rlcf	(??_GPIO_Write+1)^0,f,c
   576   000B4C                     u804:
   577   000B4C  2E03               	decfsz	??_GPIO_Write^0,f,c
   578   000B4E  EFA4  F005         	goto	u805
   579   000B52  5004               	movf	(??_GPIO_Write+1)^0,w,c
   580   000B54  0AFF               	xorlw	255
   581   000B56  1483               	andwf	131,w,c	;volatile
   582   000B58  6E05               	movwf	(??_GPIO_Write+2)^0,c
   583   000B5A  5005               	movf	(??_GPIO_Write+2)^0,w,c
   584   000B5C  6E09               	movwf	_GPIO_Write$114^0,c
   585   000B5E  6A0A               	clrf	(_GPIO_Write$114+1)^0,c
   586   000B60  EFC4  F005         	goto	l1160
   587   000B64                     l1158:
   588   000B64  C001  F003         	movff	GPIO_Write@pin,??_GPIO_Write
   589   000B68  0E01               	movlw	1
   590   000B6A  6E04               	movwf	(??_GPIO_Write+1)^0,c
   591   000B6C  2A03               	incf	??_GPIO_Write^0,f,c
   592   000B6E  EFBB  F005         	goto	u814
   593   000B72                     u815:
   594   000B72  90D8               	bcf	status,0,c
   595   000B74  3604               	rlcf	(??_GPIO_Write+1)^0,f,c
   596   000B76                     u814:
   597   000B76  2E03               	decfsz	??_GPIO_Write^0,f,c
   598   000B78  EFB9  F005         	goto	u815
   599   000B7C  5004               	movf	(??_GPIO_Write+1)^0,w,c
   600   000B7E  1083               	iorwf	131,w,c	;volatile
   601   000B80  6E05               	movwf	(??_GPIO_Write+2)^0,c
   602   000B82  5005               	movf	(??_GPIO_Write+2)^0,w,c
   603   000B84  6E09               	movwf	_GPIO_Write$114^0,c
   604   000B86  6A0A               	clrf	(_GPIO_Write$114+1)^0,c
   605   000B88                     l1160:
   606   000B88  C009  FF83         	movff	_GPIO_Write$114,3971	;volatile
   607                           
   608                           ;src/gpio.c: 50:             break;
   609   000B8C  EF0A  F006         	goto	l63
   610   000B90                     l1162:
   611                           
   612                           ;src/gpio.c: 52:             (*(volatile PORTA_t*) 0xF84).value = (value) ? ((*(volatile
      +                           PORTA_t*) 0xF84).value | (uint8_t)(1 << pin)) : ((*(volatile PORTA_t*) 0xF84).value & (
      +                          uint8_t)~(1 << pin));
   613   000B90  5002               	movf	GPIO_Write@value^0,w,c
   614   000B92  A4D8               	btfss	status,2,c
   615   000B94  EFCE  F005         	goto	u821
   616   000B98  EFD0  F005         	goto	u820
   617   000B9C                     u821:
   618   000B9C  EFE5  F005         	goto	l1166
   619   000BA0                     u820:
   620   000BA0  C001  F003         	movff	GPIO_Write@pin,??_GPIO_Write
   621   000BA4  0E01               	movlw	1
   622   000BA6  6E04               	movwf	(??_GPIO_Write+1)^0,c
   623   000BA8  2A03               	incf	??_GPIO_Write^0,f,c
   624   000BAA  EFD9  F005         	goto	u834
   625   000BAE                     u835:
   626   000BAE  90D8               	bcf	status,0,c
   627   000BB0  3604               	rlcf	(??_GPIO_Write+1)^0,f,c
   628   000BB2                     u834:
   629   000BB2  2E03               	decfsz	??_GPIO_Write^0,f,c
   630   000BB4  EFD7  F005         	goto	u835
   631   000BB8  5004               	movf	(??_GPIO_Write+1)^0,w,c
   632   000BBA  0AFF               	xorlw	255
   633   000BBC  1484               	andwf	132,w,c	;volatile
   634   000BBE  6E05               	movwf	(??_GPIO_Write+2)^0,c
   635   000BC0  5005               	movf	(??_GPIO_Write+2)^0,w,c
   636   000BC2  6E0B               	movwf	_GPIO_Write$115^0,c
   637   000BC4  6A0C               	clrf	(_GPIO_Write$115+1)^0,c
   638   000BC6  EFF7  F005         	goto	l1168
   639   000BCA                     l1166:
   640   000BCA  C001  F003         	movff	GPIO_Write@pin,??_GPIO_Write
   641   000BCE  0E01               	movlw	1
   642   000BD0  6E04               	movwf	(??_GPIO_Write+1)^0,c
   643   000BD2  2A03               	incf	??_GPIO_Write^0,f,c
   644   000BD4  EFEE  F005         	goto	u844
   645   000BD8                     u845:
   646   000BD8  90D8               	bcf	status,0,c
   647   000BDA  3604               	rlcf	(??_GPIO_Write+1)^0,f,c
   648   000BDC                     u844:
   649   000BDC  2E03               	decfsz	??_GPIO_Write^0,f,c
   650   000BDE  EFEC  F005         	goto	u845
   651   000BE2  5004               	movf	(??_GPIO_Write+1)^0,w,c
   652   000BE4  1084               	iorwf	132,w,c	;volatile
   653   000BE6  6E05               	movwf	(??_GPIO_Write+2)^0,c
   654   000BE8  5005               	movf	(??_GPIO_Write+2)^0,w,c
   655   000BEA  6E0B               	movwf	_GPIO_Write$115^0,c
   656   000BEC  6A0C               	clrf	(_GPIO_Write$115+1)^0,c
   657   000BEE                     l1168:
   658   000BEE  C00B  FF84         	movff	_GPIO_Write$115,3972	;volatile
   659                           
   660                           ;src/gpio.c: 53:             break;
   661   000BF2  EF0A  F006         	goto	l63
   662   000BF6                     l1172:
   663   000BF6  5006               	movf	GPIO_Write@port^0,w,c
   664                           
   665                           ; Switch size 1, requested type "simple"
   666                           ; Number of cases is 3, Range of values is 0 to 2
   667                           ; switch strategies available:
   668                           ; Name         Instructions Cycles
   669                           ; simple_byte           10     6 (average)
   670                           ;	Chosen strategy is simple_byte
   671   000BF8  0A00               	xorlw	0	; case 0
   672   000BFA  B4D8               	btfsc	status,2,c
   673   000BFC  EF62  F005         	goto	l1146
   674   000C00  0A01               	xorlw	1	; case 1
   675   000C02  B4D8               	btfsc	status,2,c
   676   000C04  EF95  F005         	goto	l1154
   677   000C08  0A03               	xorlw	3	; case 2
   678   000C0A  B4D8               	btfsc	status,2,c
   679   000C0C  EFC8  F005         	goto	l1162
   680   000C10  EF0A  F006         	goto	l63
   681   000C14                     l63:
   682                           
   683                           ;src/gpio.c: 56:     (*(volatile INTCON_t*) 0xFF2).GIE = 1;
   684   000C14  8EF2               	bsf	242,7,c	;volatile
   685   000C16                     l56:
   686   000C16  0012               	return		;funcret
   687   000C18                     __end_of_GPIO_Write:
   688                           	callstack 0
   689                           
   690 ;; *************** function _GPIO_SetDirection *****************
   691 ;; Defined at:
   692 ;;		line 23 in file "src/gpio.c"
   693 ;; Parameters:    Size  Location     Type
   694 ;;  port            1    wreg     unsigned char 
   695 ;;  pin             1    0[COMRAM] unsigned char 
   696 ;;  direction       1    1[COMRAM] enum E87
   697 ;; Auto vars:     Size  Location     Type
   698 ;;  port            1    5[COMRAM] unsigned char 
   699 ;; Return value:  Size  Location     Type
   700 ;;                  1    wreg      void 
   701 ;; Registers used:
   702 ;;		wreg, status,2, status,0
   703 ;; Tracked objects:
   704 ;;		On entry : 0/0
   705 ;;		On exit  : 0/0
   706 ;;		Unchanged: 0/0
   707 ;; Data sizes:     COMRAM   BANK0   BANK1   BANK2   BANK3   BANK4   BANK5   BANK6   BANK7
   708 ;;      Params:         2       0       0       0       0       0       0       0       0
   709 ;;      Locals:         7       0       0       0       0       0       0       0       0
   710 ;;      Temps:          3       0       0       0       0       0       0       0       0
   711 ;;      Totals:        12       0       0       0       0       0       0       0       0
   712 ;;Total ram usage:       12 bytes
   713 ;; Hardware stack levels used: 1
   714 ;; This function calls:
   715 ;;		Nothing
   716 ;; This function is called by:
   717 ;;		_Example_Run
   718 ;; This function uses a non-reentrant model
   719 ;;
   720                           
   721                           	psect	text4
   722   000C18                     __ptext4:
   723                           	callstack 0
   724   000C18                     _GPIO_SetDirection:
   725                           	callstack 29
   726                           
   727                           ;incstack = 0
   728                           ;GPIO_SetDirection@port stored from wreg
   729   000C18  6E06               	movwf	GPIO_SetDirection@port^0,c
   730   000C1A                     
   731                           ;src/gpio.c: 24:     if (pin > 7) return;
   732   000C1A  0E07               	movlw	7
   733   000C1C  6401               	cpfsgt	GPIO_SetDirection@pin^0,c
   734   000C1E  EF13  F006         	goto	u631
   735   000C22  EF15  F006         	goto	u630
   736   000C26                     u631:
   737   000C26  EFB0  F006         	goto	l1120
   738   000C2A                     u630:
   739   000C2A  EFBF  F006         	goto	l35
   740   000C2E                     l1094:
   741                           
   742                           ;src/gpio.c: 28:             (*(volatile PORTA_t*) 0xF87).value = (direction) ? ((*(vola
      +                          tile PORTA_t*) 0xF87).value | (uint8_t)(1 << pin)) : ((*(volatile PORTA_t*) 0xF87).value
      +                           & (uint8_t)~(1 << pin));
   743   000C2E  5002               	movf	GPIO_SetDirection@direction^0,w,c
   744   000C30  A4D8               	btfss	status,2,c
   745   000C32  EF1D  F006         	goto	u641
   746   000C36  EF1F  F006         	goto	u640
   747   000C3A                     u641:
   748   000C3A  EF34  F006         	goto	l1098
   749   000C3E                     u640:
   750   000C3E  C001  F003         	movff	GPIO_SetDirection@pin,??_GPIO_SetDirection
   751   000C42  0E01               	movlw	1
   752   000C44  6E04               	movwf	(??_GPIO_SetDirection+1)^0,c
   753   000C46  2A03               	incf	??_GPIO_SetDirection^0,f,c
   754   000C48  EF28  F006         	goto	u654
   755   000C4C                     u655:
   756   000C4C  90D8               	bcf	status,0,c
   757   000C4E  3604               	rlcf	(??_GPIO_SetDirection+1)^0,f,c
   758   000C50                     u654:
   759   000C50  2E03               	decfsz	??_GPIO_SetDirection^0,f,c
   760   000C52  EF26  F006         	goto	u655
   761   000C56  5004               	movf	(??_GPIO_SetDirection+1)^0,w,c
   762   000C58  0AFF               	xorlw	255
   763   000C5A  1487               	andwf	135,w,c	;volatile
   764   000C5C  6E05               	movwf	(??_GPIO_SetDirection+2)^0,c
   765   000C5E  5005               	movf	(??_GPIO_SetDirection+2)^0,w,c
   766   000C60  6E07               	movwf	_GPIO_SetDirection$106^0,c
   767   000C62  6A08               	clrf	(_GPIO_SetDirection$106+1)^0,c
   768   000C64  EF46  F006         	goto	l1100
   769   000C68                     l1098:
   770   000C68  C001  F003         	movff	GPIO_SetDirection@pin,??_GPIO_SetDirection
   771   000C6C  0E01               	movlw	1
   772   000C6E  6E04               	movwf	(??_GPIO_SetDirection+1)^0,c
   773   000C70  2A03               	incf	??_GPIO_SetDirection^0,f,c
   774   000C72  EF3D  F006         	goto	u664
   775   000C76                     u665:
   776   000C76  90D8               	bcf	status,0,c
   777   000C78  3604               	rlcf	(??_GPIO_SetDirection+1)^0,f,c
   778   000C7A                     u664:
   779   000C7A  2E03               	decfsz	??_GPIO_SetDirection^0,f,c
   780   000C7C  EF3B  F006         	goto	u665
   781   000C80  5004               	movf	(??_GPIO_SetDirection+1)^0,w,c
   782   000C82  1087               	iorwf	135,w,c	;volatile
   783   000C84  6E05               	movwf	(??_GPIO_SetDirection+2)^0,c
   784   000C86  5005               	movf	(??_GPIO_SetDirection+2)^0,w,c
   785   000C88  6E07               	movwf	_GPIO_SetDirection$106^0,c
   786   000C8A  6A08               	clrf	(_GPIO_SetDirection$106+1)^0,c
   787   000C8C                     l1100:
   788   000C8C  C007  FF87         	movff	_GPIO_SetDirection$106,3975	;volatile
   789                           
   790                           ;src/gpio.c: 29:             break;
   791   000C90  EFBF  F006         	goto	l35
   792   000C94                     l1102:
   793                           
   794                           ;src/gpio.c: 31:             (*(volatile PORTA_t*) 0xF88).value = (direction) ? ((*(vola
      +                          tile PORTA_t*) 0xF88).value | (uint8_t)(1 << pin)) : ((*(volatile PORTA_t*) 0xF88).value
      +                           & (uint8_t)~(1 << pin));
   795   000C94  5002               	movf	GPIO_SetDirection@direction^0,w,c
   796   000C96  A4D8               	btfss	status,2,c
   797   000C98  EF50  F006         	goto	u671
   798   000C9C  EF52  F006         	goto	u670
   799   000CA0                     u671:
   800   000CA0  EF67  F006         	goto	l1106
   801   000CA4                     u670:
   802   000CA4  C001  F003         	movff	GPIO_SetDirection@pin,??_GPIO_SetDirection
   803   000CA8  0E01               	movlw	1
   804   000CAA  6E04               	movwf	(??_GPIO_SetDirection+1)^0,c
   805   000CAC  2A03               	incf	??_GPIO_SetDirection^0,f,c
   806   000CAE  EF5B  F006         	goto	u684
   807   000CB2                     u685:
   808   000CB2  90D8               	bcf	status,0,c
   809   000CB4  3604               	rlcf	(??_GPIO_SetDirection+1)^0,f,c
   810   000CB6                     u684:
   811   000CB6  2E03               	decfsz	??_GPIO_SetDirection^0,f,c
   812   000CB8  EF59  F006         	goto	u685
   813   000CBC  5004               	movf	(??_GPIO_SetDirection+1)^0,w,c
   814   000CBE  0AFF               	xorlw	255
   815   000CC0  1488               	andwf	136,w,c	;volatile
   816   000CC2  6E05               	movwf	(??_GPIO_SetDirection+2)^0,c
   817   000CC4  5005               	movf	(??_GPIO_SetDirection+2)^0,w,c
   818   000CC6  6E09               	movwf	_GPIO_SetDirection$107^0,c
   819   000CC8  6A0A               	clrf	(_GPIO_SetDirection$107+1)^0,c
   820   000CCA  EF79  F006         	goto	l1108
   821   000CCE                     l1106:
   822   000CCE  C001  F003         	movff	GPIO_SetDirection@pin,??_GPIO_SetDirection
   823   000CD2  0E01               	movlw	1
   824   000CD4  6E04               	movwf	(??_GPIO_SetDirection+1)^0,c
   825   000CD6  2A03               	incf	??_GPIO_SetDirection^0,f,c
   826   000CD8  EF70  F006         	goto	u694
   827   000CDC                     u695:
   828   000CDC  90D8               	bcf	status,0,c
   829   000CDE  3604               	rlcf	(??_GPIO_SetDirection+1)^0,f,c
   830   000CE0                     u694:
   831   000CE0  2E03               	decfsz	??_GPIO_SetDirection^0,f,c
   832   000CE2  EF6E  F006         	goto	u695
   833   000CE6  5004               	movf	(??_GPIO_SetDirection+1)^0,w,c
   834   000CE8  1088               	iorwf	136,w,c	;volatile
   835   000CEA  6E05               	movwf	(??_GPIO_SetDirection+2)^0,c
   836   000CEC  5005               	movf	(??_GPIO_SetDirection+2)^0,w,c
   837   000CEE  6E09               	movwf	_GPIO_SetDirection$107^0,c
   838   000CF0  6A0A               	clrf	(_GPIO_SetDirection$107+1)^0,c
   839   000CF2                     l1108:
   840   000CF2  C009  FF88         	movff	_GPIO_SetDirection$107,3976	;volatile
   841                           
   842                           ;src/gpio.c: 32:             break;
   843   000CF6  EFBF  F006         	goto	l35
   844   000CFA                     l1110:
   845                           
   846                           ;src/gpio.c: 34:             (*(volatile PORTA_t*) 0xF89).value = (direction) ? ((*(vola
      +                          tile PORTA_t*) 0xF89).value | (uint8_t)(1 << pin)) : ((*(volatile PORTA_t*) 0xF89).value
      +                           & (uint8_t)~(1 << pin));
   847   000CFA  5002               	movf	GPIO_SetDirection@direction^0,w,c
   848   000CFC  A4D8               	btfss	status,2,c
   849   000CFE  EF83  F006         	goto	u701
   850   000D02  EF85  F006         	goto	u700
   851   000D06                     u701:
   852   000D06  EF9A  F006         	goto	l1114
   853   000D0A                     u700:
   854   000D0A  C001  F003         	movff	GPIO_SetDirection@pin,??_GPIO_SetDirection
   855   000D0E  0E01               	movlw	1
   856   000D10  6E04               	movwf	(??_GPIO_SetDirection+1)^0,c
   857   000D12  2A03               	incf	??_GPIO_SetDirection^0,f,c
   858   000D14  EF8E  F006         	goto	u714
   859   000D18                     u715:
   860   000D18  90D8               	bcf	status,0,c
   861   000D1A  3604               	rlcf	(??_GPIO_SetDirection+1)^0,f,c
   862   000D1C                     u714:
   863   000D1C  2E03               	decfsz	??_GPIO_SetDirection^0,f,c
   864   000D1E  EF8C  F006         	goto	u715
   865   000D22  5004               	movf	(??_GPIO_SetDirection+1)^0,w,c
   866   000D24  0AFF               	xorlw	255
   867   000D26  1489               	andwf	137,w,c	;volatile
   868   000D28  6E05               	movwf	(??_GPIO_SetDirection+2)^0,c
   869   000D2A  5005               	movf	(??_GPIO_SetDirection+2)^0,w,c
   870   000D2C  6E0B               	movwf	_GPIO_SetDirection$108^0,c
   871   000D2E  6A0C               	clrf	(_GPIO_SetDirection$108+1)^0,c
   872   000D30  EFAC  F006         	goto	l1116
   873   000D34                     l1114:
   874   000D34  C001  F003         	movff	GPIO_SetDirection@pin,??_GPIO_SetDirection
   875   000D38  0E01               	movlw	1
   876   000D3A  6E04               	movwf	(??_GPIO_SetDirection+1)^0,c
   877   000D3C  2A03               	incf	??_GPIO_SetDirection^0,f,c
   878   000D3E  EFA3  F006         	goto	u724
   879   000D42                     u725:
   880   000D42  90D8               	bcf	status,0,c
   881   000D44  3604               	rlcf	(??_GPIO_SetDirection+1)^0,f,c
   882   000D46                     u724:
   883   000D46  2E03               	decfsz	??_GPIO_SetDirection^0,f,c
   884   000D48  EFA1  F006         	goto	u725
   885   000D4C  5004               	movf	(??_GPIO_SetDirection+1)^0,w,c
   886   000D4E  1089               	iorwf	137,w,c	;volatile
   887   000D50  6E05               	movwf	(??_GPIO_SetDirection+2)^0,c
   888   000D52  5005               	movf	(??_GPIO_SetDirection+2)^0,w,c
   889   000D54  6E0B               	movwf	_GPIO_SetDirection$108^0,c
   890   000D56  6A0C               	clrf	(_GPIO_SetDirection$108+1)^0,c
   891   000D58                     l1116:
   892   000D58  C00B  FF89         	movff	_GPIO_SetDirection$108,3977	;volatile
   893                           
   894                           ;src/gpio.c: 35:             break;
   895   000D5C  EFBF  F006         	goto	l35
   896   000D60                     l1120:
   897   000D60  5006               	movf	GPIO_SetDirection@port^0,w,c
   898                           
   899                           ; Switch size 1, requested type "simple"
   900                           ; Number of cases is 3, Range of values is 0 to 2
   901                           ; switch strategies available:
   902                           ; Name         Instructions Cycles
   903                           ; simple_byte           10     6 (average)
   904                           ;	Chosen strategy is simple_byte
   905   000D62  0A00               	xorlw	0	; case 0
   906   000D64  B4D8               	btfsc	status,2,c
   907   000D66  EF17  F006         	goto	l1094
   908   000D6A  0A01               	xorlw	1	; case 1
   909   000D6C  B4D8               	btfsc	status,2,c
   910   000D6E  EF4A  F006         	goto	l1102
   911   000D72  0A03               	xorlw	3	; case 2
   912   000D74  B4D8               	btfsc	status,2,c
   913   000D76  EF7D  F006         	goto	l1110
   914   000D7A  EFBF  F006         	goto	l35
   915   000D7E                     l35:
   916   000D7E  0012               	return		;funcret
   917   000D80                     __end_of_GPIO_SetDirection:
   918                           	callstack 0
   919                           
   920 ;; *************** function _GPIO_ReadDebounced *****************
   921 ;; Defined at:
   922 ;;		line 74 in file "src/gpio.c"
   923 ;; Parameters:    Size  Location     Type
   924 ;;  port            1    wreg     unsigned char 
   925 ;;  pin             1   10[COMRAM] unsigned char 
   926 ;; Auto vars:     Size  Location     Type
   927 ;;  port            1   13[COMRAM] unsigned char 
   928 ;;  i               1   12[COMRAM] unsigned char 
   929 ;;  stable_value    1   15[COMRAM] unsigned char 
   930 ;;  temp_value      1   14[COMRAM] unsigned char 
   931 ;;  debounce_cou    1   11[COMRAM] unsigned char 
   932 ;; Return value:  Size  Location     Type
   933 ;;                  1    wreg      unsigned char 
   934 ;; Registers used:
   935 ;;		wreg, status,2, status,0, cstack
   936 ;; Tracked objects:
   937 ;;		On entry : 0/0
   938 ;;		On exit  : 0/0
   939 ;;		Unchanged: 0/0
   940 ;; Data sizes:     COMRAM   BANK0   BANK1   BANK2   BANK3   BANK4   BANK5   BANK6   BANK7
   941 ;;      Params:         1       0       0       0       0       0       0       0       0
   942 ;;      Locals:         5       0       0       0       0       0       0       0       0
   943 ;;      Temps:          0       0       0       0       0       0       0       0       0
   944 ;;      Totals:         6       0       0       0       0       0       0       0       0
   945 ;;Total ram usage:        6 bytes
   946 ;; Hardware stack levels used: 1
   947 ;; Hardware stack levels required when called: 1
   948 ;; This function calls:
   949 ;;		_GPIO_Read
   950 ;; This function is called by:
   951 ;;		_Example_Run
   952 ;; This function uses a non-reentrant model
   953 ;;
   954                           
   955                           	psect	text5
   956   000E48                     __ptext5:
   957                           	callstack 0
   958   000E48                     _GPIO_ReadDebounced:
   959                           	callstack 28
   960                           
   961                           ;incstack = 0
   962                           ;GPIO_ReadDebounced@port stored from wreg
   963   000E48  6E0E               	movwf	GPIO_ReadDebounced@port^0,c
   964   000E4A                     
   965                           ;src/gpio.c: 75:     uint8_t stable_value, temp_value;;src/gpio.c: 76:     uint8_t debou
      +                          nce_counter = 5;
   966   000E4A  0E05               	movlw	5
   967   000E4C  6E0C               	movwf	GPIO_ReadDebounced@debounce_counter^0,c
   968   000E4E                     
   969                           ;src/gpio.c: 78:     stable_value = GPIO_Read(port, pin);
   970   000E4E  C00B  F001         	movff	GPIO_ReadDebounced@pin,GPIO_Read@pin
   971   000E52  500E               	movf	GPIO_ReadDebounced@port^0,w,c
   972   000E54  EC81  F004         	call	_GPIO_Read
   973   000E58  6E10               	movwf	GPIO_ReadDebounced@stable_value^0,c
   974   000E5A                     
   975                           ;src/gpio.c: 80:     for (uint8_t i = 0; i < debounce_counter; i++) {
   976   000E5A  6A0D               	clrf	GPIO_ReadDebounced@i^0,c
   977   000E5C  EF43  F007         	goto	l1136
   978   000E60                     l1128:
   979                           
   980                           ;src/gpio.c: 81:         temp_value = GPIO_Read(port, pin);
   981   000E60  C00B  F001         	movff	GPIO_ReadDebounced@pin,GPIO_Read@pin
   982   000E64  500E               	movf	GPIO_ReadDebounced@port^0,w,c
   983   000E66  EC81  F004         	call	_GPIO_Read
   984   000E6A  6E0F               	movwf	GPIO_ReadDebounced@temp_value^0,c
   985   000E6C                     
   986                           ;src/gpio.c: 82:         if (temp_value != stable_value) {
   987   000E6C  5010               	movf	GPIO_ReadDebounced@stable_value^0,w,c
   988   000E6E  180F               	xorwf	GPIO_ReadDebounced@temp_value^0,w,c
   989   000E70  B4D8               	btfsc	status,2,c
   990   000E72  EF3D  F007         	goto	u731
   991   000E76  EF3F  F007         	goto	u730
   992   000E7A                     u731:
   993   000E7A  EF42  F007         	goto	l1134
   994   000E7E                     u730:
   995   000E7E                     
   996                           ;src/gpio.c: 83:             i = 0;
   997   000E7E  6A0D               	clrf	GPIO_ReadDebounced@i^0,c
   998                           
   999                           ;src/gpio.c: 84:             stable_value = temp_value;
  1000   000E80  C00F  F010         	movff	GPIO_ReadDebounced@temp_value,GPIO_ReadDebounced@stable_value
  1001   000E84                     l1134:
  1002                           
  1003                           ;src/gpio.c: 86:     }
  1004   000E84  2A0D               	incf	GPIO_ReadDebounced@i^0,f,c
  1005   000E86                     l1136:
  1006   000E86  500C               	movf	GPIO_ReadDebounced@debounce_counter^0,w,c
  1007   000E88  5C0D               	subwf	GPIO_ReadDebounced@i^0,w,c
  1008   000E8A  A0D8               	btfss	status,0,c
  1009   000E8C  EF4A  F007         	goto	u741
  1010   000E90  EF4C  F007         	goto	u740
  1011   000E94                     u741:
  1012   000E94  EF30  F007         	goto	l1128
  1013   000E98                     u740:
  1014   000E98                     
  1015                           ;src/gpio.c: 88:     return stable_value;
  1016   000E98  5010               	movf	GPIO_ReadDebounced@stable_value^0,w,c
  1017   000E9A  0012               	return		;funcret
  1018   000E9C                     __end_of_GPIO_ReadDebounced:
  1019                           	callstack 0
  1020                           
  1021 ;; *************** function _GPIO_Read *****************
  1022 ;; Defined at:
  1023 ;;		line 59 in file "src/gpio.c"
  1024 ;; Parameters:    Size  Location     Type
  1025 ;;  port            1    wreg     unsigned char 
  1026 ;;  pin             1    0[COMRAM] unsigned char 
  1027 ;; Auto vars:     Size  Location     Type
  1028 ;;  port            1    3[COMRAM] unsigned char 
  1029 ;; Return value:  Size  Location     Type
  1030 ;;                  1    wreg      unsigned char 
  1031 ;; Registers used:
  1032 ;;		wreg, status,2, status,0
  1033 ;; Tracked objects:
  1034 ;;		On entry : 0/0
  1035 ;;		On exit  : 0/0
  1036 ;;		Unchanged: 0/0
  1037 ;; Data sizes:     COMRAM   BANK0   BANK1   BANK2   BANK3   BANK4   BANK5   BANK6   BANK7
  1038 ;;      Params:         1       0       0       0       0       0       0       0       0
  1039 ;;      Locals:         7       0       0       0       0       0       0       0       0
  1040 ;;      Temps:          2       0       0       0       0       0       0       0       0
  1041 ;;      Totals:        10       0       0       0       0       0       0       0       0
  1042 ;;Total ram usage:       10 bytes
  1043 ;; Hardware stack levels used: 1
  1044 ;; This function calls:
  1045 ;;		Nothing
  1046 ;; This function is called by:
  1047 ;;		_GPIO_ReadDebounced
  1048 ;; This function uses a non-reentrant model
  1049 ;;
  1050                           
  1051                           	psect	text6
  1052   000902                     __ptext6:
  1053                           	callstack 0
  1054   000902                     _GPIO_Read:
  1055                           	callstack 28
  1056                           
  1057                           ;incstack = 0
  1058                           ;GPIO_Read@port stored from wreg
  1059   000902  6E04               	movwf	GPIO_Read@port^0,c
  1060   000904                     
  1061                           ;src/gpio.c: 60:     if (pin > 7) return 0;
  1062   000904  0E07               	movlw	7
  1063   000906  6401               	cpfsgt	GPIO_Read@pin^0,c
  1064   000908  EF88  F004         	goto	u471
  1065   00090C  EF8A  F004         	goto	u470
  1066   000910                     u471:
  1067   000910  EF44  F005         	goto	l1074
  1068   000914                     u470:
  1069   000914                     l1034:
  1070   000914  0E00               	movlw	0
  1071   000916  EF53  F005         	goto	l77
  1072   00091A                     l1038:
  1073                           
  1074                           ;src/gpio.c: 64:             return ((*(volatile PORTA_t*) 0xF87).value & (1 << pin)) ? 
      +                          (((*(volatile PORTA_t*) 0xF8C).value >> pin) & 0x01) : (((*(volatile PORTA_t*) 0xF82).va
      +                          lue >> pin) & 0x01);
  1075   00091A  C001  F002         	movff	GPIO_Read@pin,??_GPIO_Read
  1076   00091E  0E01               	movlw	1
  1077   000920  6E03               	movwf	(??_GPIO_Read+1)^0,c
  1078   000922  2A02               	incf	??_GPIO_Read^0,f,c
  1079   000924  EF96  F004         	goto	u484
  1080   000928                     u485:
  1081   000928  90D8               	bcf	status,0,c
  1082   00092A  3603               	rlcf	(??_GPIO_Read+1)^0,f,c
  1083   00092C                     u484:
  1084   00092C  2E02               	decfsz	??_GPIO_Read^0,f,c
  1085   00092E  EF94  F004         	goto	u485
  1086   000932  5003               	movf	(??_GPIO_Read+1)^0,w,c
  1087   000934  1487               	andwf	135,w,c	;volatile
  1088   000936  0900               	iorlw	0
  1089   000938  A4D8               	btfss	status,2,c
  1090   00093A  EFA1  F004         	goto	u491
  1091   00093E  EFA3  F004         	goto	u490
  1092   000942                     u491:
  1093   000942  EFB6  F004         	goto	l1042
  1094   000946                     u490:
  1095   000946  C001  F002         	movff	GPIO_Read@pin,??_GPIO_Read
  1096   00094A  CF82 F003          	movff	3970,??_GPIO_Read+1	;volatile
  1097   00094E  2A02               	incf	??_GPIO_Read^0,f,c
  1098   000950  EFAC  F004         	goto	u504
  1099   000954                     u505:
  1100   000954  90D8               	bcf	status,0,c
  1101   000956  3203               	rrcf	(??_GPIO_Read+1)^0,f,c
  1102   000958                     u504:
  1103   000958  2E02               	decfsz	??_GPIO_Read^0,f,c
  1104   00095A  EFAA  F004         	goto	u505
  1105   00095E  0E01               	movlw	1
  1106   000960  1603               	andwf	(??_GPIO_Read+1)^0,f,c
  1107   000962  5003               	movf	(??_GPIO_Read+1)^0,w,c
  1108   000964  6E05               	movwf	_GPIO_Read$119^0,c
  1109   000966  6A06               	clrf	(_GPIO_Read$119+1)^0,c
  1110   000968  EFC7  F004         	goto	l1044
  1111   00096C                     l1042:
  1112   00096C  C001  F002         	movff	GPIO_Read@pin,??_GPIO_Read
  1113   000970  CF8C F003          	movff	3980,??_GPIO_Read+1	;volatile
  1114   000974  2A02               	incf	??_GPIO_Read^0,f,c
  1115   000976  EFBF  F004         	goto	u514
  1116   00097A                     u515:
  1117   00097A  90D8               	bcf	status,0,c
  1118   00097C  3203               	rrcf	(??_GPIO_Read+1)^0,f,c
  1119   00097E                     u514:
  1120   00097E  2E02               	decfsz	??_GPIO_Read^0,f,c
  1121   000980  EFBD  F004         	goto	u515
  1122   000984  0E01               	movlw	1
  1123   000986  1603               	andwf	(??_GPIO_Read+1)^0,f,c
  1124   000988  5003               	movf	(??_GPIO_Read+1)^0,w,c
  1125   00098A  6E05               	movwf	_GPIO_Read$119^0,c
  1126   00098C  6A06               	clrf	(_GPIO_Read$119+1)^0,c
  1127   00098E                     l1044:
  1128   00098E  5005               	movf	_GPIO_Read$119^0,w,c
  1129   000990  EF53  F005         	goto	l77
  1130   000994                     l1048:
  1131                           
  1132                           ;src/gpio.c: 66:             return ((*(volatile PORTA_t*) 0xF88).value & (1 << pin)) ? 
      +                          (((*(volatile PORTA_t*) 0xF8D).value >> pin) & 0x01) : (((*(volatile PORTA_t*) 0xF83).va
      +                          lue >> pin) & 0x01);
  1133   000994  C001  F002         	movff	GPIO_Read@pin,??_GPIO_Read
  1134   000998  0E01               	movlw	1
  1135   00099A  6E03               	movwf	(??_GPIO_Read+1)^0,c
  1136   00099C  2A02               	incf	??_GPIO_Read^0,f,c
  1137   00099E  EFD3  F004         	goto	u524
  1138   0009A2                     u525:
  1139   0009A2  90D8               	bcf	status,0,c
  1140   0009A4  3603               	rlcf	(??_GPIO_Read+1)^0,f,c
  1141   0009A6                     u524:
  1142   0009A6  2E02               	decfsz	??_GPIO_Read^0,f,c
  1143   0009A8  EFD1  F004         	goto	u525
  1144   0009AC  5003               	movf	(??_GPIO_Read+1)^0,w,c
  1145   0009AE  1488               	andwf	136,w,c	;volatile
  1146   0009B0  0900               	iorlw	0
  1147   0009B2  A4D8               	btfss	status,2,c
  1148   0009B4  EFDE  F004         	goto	u531
  1149   0009B8  EFE0  F004         	goto	u530
  1150   0009BC                     u531:
  1151   0009BC  EFF3  F004         	goto	l1052
  1152   0009C0                     u530:
  1153   0009C0  C001  F002         	movff	GPIO_Read@pin,??_GPIO_Read
  1154   0009C4  CF83 F003          	movff	3971,??_GPIO_Read+1	;volatile
  1155   0009C8  2A02               	incf	??_GPIO_Read^0,f,c
  1156   0009CA  EFE9  F004         	goto	u544
  1157   0009CE                     u545:
  1158   0009CE  90D8               	bcf	status,0,c
  1159   0009D0  3203               	rrcf	(??_GPIO_Read+1)^0,f,c
  1160   0009D2                     u544:
  1161   0009D2  2E02               	decfsz	??_GPIO_Read^0,f,c
  1162   0009D4  EFE7  F004         	goto	u545
  1163   0009D8  0E01               	movlw	1
  1164   0009DA  1603               	andwf	(??_GPIO_Read+1)^0,f,c
  1165   0009DC  5003               	movf	(??_GPIO_Read+1)^0,w,c
  1166   0009DE  6E07               	movwf	_GPIO_Read$120^0,c
  1167   0009E0  6A08               	clrf	(_GPIO_Read$120+1)^0,c
  1168   0009E2  EF04  F005         	goto	l1054
  1169   0009E6                     l1052:
  1170   0009E6  C001  F002         	movff	GPIO_Read@pin,??_GPIO_Read
  1171   0009EA  CF8D F003          	movff	3981,??_GPIO_Read+1	;volatile
  1172   0009EE  2A02               	incf	??_GPIO_Read^0,f,c
  1173   0009F0  EFFC  F004         	goto	u554
  1174   0009F4                     u555:
  1175   0009F4  90D8               	bcf	status,0,c
  1176   0009F6  3203               	rrcf	(??_GPIO_Read+1)^0,f,c
  1177   0009F8                     u554:
  1178   0009F8  2E02               	decfsz	??_GPIO_Read^0,f,c
  1179   0009FA  EFFA  F004         	goto	u555
  1180   0009FE  0E01               	movlw	1
  1181   000A00  1603               	andwf	(??_GPIO_Read+1)^0,f,c
  1182   000A02  5003               	movf	(??_GPIO_Read+1)^0,w,c
  1183   000A04  6E07               	movwf	_GPIO_Read$120^0,c
  1184   000A06  6A08               	clrf	(_GPIO_Read$120+1)^0,c
  1185   000A08                     l1054:
  1186   000A08  5007               	movf	_GPIO_Read$120^0,w,c
  1187   000A0A  EF53  F005         	goto	l77
  1188   000A0E                     l1058:
  1189                           
  1190                           ;src/gpio.c: 68:             return ((*(volatile PORTA_t*) 0xF89).value & (1 << pin)) ? 
      +                          (((*(volatile PORTA_t*) 0xF8E).value >> pin) & 0x01) : (((*(volatile PORTA_t*) 0xF84).va
      +                          lue >> pin) & 0x01);
  1191   000A0E  C001  F002         	movff	GPIO_Read@pin,??_GPIO_Read
  1192   000A12  0E01               	movlw	1
  1193   000A14  6E03               	movwf	(??_GPIO_Read+1)^0,c
  1194   000A16  2A02               	incf	??_GPIO_Read^0,f,c
  1195   000A18  EF10  F005         	goto	u564
  1196   000A1C                     u565:
  1197   000A1C  90D8               	bcf	status,0,c
  1198   000A1E  3603               	rlcf	(??_GPIO_Read+1)^0,f,c
  1199   000A20                     u564:
  1200   000A20  2E02               	decfsz	??_GPIO_Read^0,f,c
  1201   000A22  EF0E  F005         	goto	u565
  1202   000A26  5003               	movf	(??_GPIO_Read+1)^0,w,c
  1203   000A28  1489               	andwf	137,w,c	;volatile
  1204   000A2A  0900               	iorlw	0
  1205   000A2C  A4D8               	btfss	status,2,c
  1206   000A2E  EF1B  F005         	goto	u571
  1207   000A32  EF1D  F005         	goto	u570
  1208   000A36                     u571:
  1209   000A36  EF30  F005         	goto	l1062
  1210   000A3A                     u570:
  1211   000A3A  C001  F002         	movff	GPIO_Read@pin,??_GPIO_Read
  1212   000A3E  CF84 F003          	movff	3972,??_GPIO_Read+1	;volatile
  1213   000A42  2A02               	incf	??_GPIO_Read^0,f,c
  1214   000A44  EF26  F005         	goto	u584
  1215   000A48                     u585:
  1216   000A48  90D8               	bcf	status,0,c
  1217   000A4A  3203               	rrcf	(??_GPIO_Read+1)^0,f,c
  1218   000A4C                     u584:
  1219   000A4C  2E02               	decfsz	??_GPIO_Read^0,f,c
  1220   000A4E  EF24  F005         	goto	u585
  1221   000A52  0E01               	movlw	1
  1222   000A54  1603               	andwf	(??_GPIO_Read+1)^0,f,c
  1223   000A56  5003               	movf	(??_GPIO_Read+1)^0,w,c
  1224   000A58  6E09               	movwf	_GPIO_Read$121^0,c
  1225   000A5A  6A0A               	clrf	(_GPIO_Read$121+1)^0,c
  1226   000A5C  EF41  F005         	goto	l1064
  1227   000A60                     l1062:
  1228   000A60  C001  F002         	movff	GPIO_Read@pin,??_GPIO_Read
  1229   000A64  CF8E F003          	movff	3982,??_GPIO_Read+1	;volatile
  1230   000A68  2A02               	incf	??_GPIO_Read^0,f,c
  1231   000A6A  EF39  F005         	goto	u594
  1232   000A6E                     u595:
  1233   000A6E  90D8               	bcf	status,0,c
  1234   000A70  3203               	rrcf	(??_GPIO_Read+1)^0,f,c
  1235   000A72                     u594:
  1236   000A72  2E02               	decfsz	??_GPIO_Read^0,f,c
  1237   000A74  EF37  F005         	goto	u595
  1238   000A78  0E01               	movlw	1
  1239   000A7A  1603               	andwf	(??_GPIO_Read+1)^0,f,c
  1240   000A7C  5003               	movf	(??_GPIO_Read+1)^0,w,c
  1241   000A7E  6E09               	movwf	_GPIO_Read$121^0,c
  1242   000A80  6A0A               	clrf	(_GPIO_Read$121+1)^0,c
  1243   000A82                     l1064:
  1244   000A82  5009               	movf	_GPIO_Read$121^0,w,c
  1245   000A84  EF53  F005         	goto	l77
  1246   000A88                     l1074:
  1247   000A88  5004               	movf	GPIO_Read@port^0,w,c
  1248                           
  1249                           ; Switch size 1, requested type "simple"
  1250                           ; Number of cases is 3, Range of values is 0 to 2
  1251                           ; switch strategies available:
  1252                           ; Name         Instructions Cycles
  1253                           ; simple_byte           10     6 (average)
  1254                           ;	Chosen strategy is simple_byte
  1255   000A8A  0A00               	xorlw	0	; case 0
  1256   000A8C  B4D8               	btfsc	status,2,c
  1257   000A8E  EF8D  F004         	goto	l1038
  1258   000A92  0A01               	xorlw	1	; case 1
  1259   000A94  B4D8               	btfsc	status,2,c
  1260   000A96  EFCA  F004         	goto	l1048
  1261   000A9A  0A03               	xorlw	3	; case 2
  1262   000A9C  B4D8               	btfsc	status,2,c
  1263   000A9E  EF07  F005         	goto	l1058
  1264   000AA2  EF8A  F004         	goto	l1034
  1265   000AA6                     l77:
  1266   000AA6  0012               	return		;funcret
  1267   000AA8                     __end_of_GPIO_Read:
  1268                           	callstack 0
  1269                           
  1270 ;; *************** function _GPIO_Init *****************
  1271 ;; Defined at:
  1272 ;;		line 13 in file "src/gpio.c"
  1273 ;; Parameters:    Size  Location     Type
  1274 ;;		None
  1275 ;; Auto vars:     Size  Location     Type
  1276 ;;		None
  1277 ;; Return value:  Size  Location     Type
  1278 ;;                  1    wreg      void 
  1279 ;; Registers used:
  1280 ;;		None
  1281 ;; Tracked objects:
  1282 ;;		On entry : 0/0
  1283 ;;		On exit  : 0/0
  1284 ;;		Unchanged: 0/0
  1285 ;; Data sizes:     COMRAM   BANK0   BANK1   BANK2   BANK3   BANK4   BANK5   BANK6   BANK7
  1286 ;;      Params:         0       0       0       0       0       0       0       0       0
  1287 ;;      Locals:         0       0       0       0       0       0       0       0       0
  1288 ;;      Temps:          0       0       0       0       0       0       0       0       0
  1289 ;;      Totals:         0       0       0       0       0       0       0       0       0
  1290 ;;Total ram usage:        0 bytes
  1291 ;; Hardware stack levels used: 1
  1292 ;; This function calls:
  1293 ;;		Nothing
  1294 ;; This function is called by:
  1295 ;;		_Example_Run
  1296 ;; This function uses a non-reentrant model
  1297 ;;
  1298                           
  1299                           	psect	text7
  1300   000E9C                     __ptext7:
  1301                           	callstack 0
  1302   000E9C                     _GPIO_Init:
  1303                           	callstack 29
  1304   000E9C                     
  1305                           ;src/gpio.c: 14:     (*(volatile PORTA_t*) 0xF87).value = 0b00000000;
  1306   000E9C  6A87               	clrf	135,c	;volatile
  1307                           
  1308                           ;src/gpio.c: 15:     (*(volatile PORTA_t*) 0xF88).value = 0b11111111;
  1309   000E9E  6888               	setf	136,c	;volatile
  1310                           
  1311                           ;src/gpio.c: 16:     (*(volatile PORTA_t*) 0xF89).value = 0b00000000;
  1312   000EA0  6A89               	clrf	137,c	;volatile
  1313                           
  1314                           ;src/gpio.c: 18:     (*(volatile PORTA_t*) 0xF82).value = 0b00000000;
  1315   000EA2  6A82               	clrf	130,c	;volatile
  1316                           
  1317                           ;src/gpio.c: 19:     (*(volatile PORTA_t*) 0xF83).value = 0b00000000;
  1318   000EA4  6A83               	clrf	131,c	;volatile
  1319                           
  1320                           ;src/gpio.c: 20:     (*(volatile PORTA_t*) 0xF84).value = 0b00000000;
  1321   000EA6  6A84               	clrf	132,c	;volatile
  1322   000EA8  0012               	return		;funcret
  1323   000EAA                     __end_of_GPIO_Init:
  1324                           	callstack 0
  1325                           
  1326                           	psect	smallconst
  1327   000900                     __psmallconst:
  1328                           	callstack 0
  1329   000900  00                 	db	0
  1330   000901  00                 	db	0	; dummy byte at the end
  1331   000900                     __smallconst    set	__psmallconst
  1332   000900                     __mediumconst   set	__psmallconst
  1333   000002                     __activetblptr  equ	2
  1334                           
  1335                           	psect	rparam
  1336   000001                     ___rparam_used  equ	1
  1337   000000                     ___param_bank   equ	0
  1338   000000                     __Lparam        equ	__Lrparam
  1339   000000                     __Hparam        equ	__Hrparam
  1340                           
  1341                           	psect	config
  1342                           
  1343                           ;Config register CONFIG1L @ 0x300000
  1344                           ;	External Oscillator mode Selection bits
  1345                           ;	FEXTOSC = HS, HS (crystal oscillator) above 8 MHz; PFM set to high power
  1346                           ;	Power-up default value for COSC bits
  1347                           ;	RSTOSC = EXTOSC, EXTOSC operating per FEXTOSC bits (device manufacturing default)
  1348   300000                     	org	3145728
  1349   300000  FA                 	db	250
  1350                           
  1351                           ;Config register CONFIG1H @ 0x300001
  1352                           ;	Clock Out Enable bit
  1353                           ;	CLKOUTEN = OFF, CLKOUT function is disabled
  1354                           ;	Clock Switch Enable bit
  1355                           ;	CSWEN = ON, Writing to NOSC and NDIV is allowed
  1356                           ;	Fail-Safe Clock Monitor Enable bit
  1357                           ;	FCMEN = 0x1, unprogrammed default
  1358   300001                     	org	3145729
  1359   300001  FF                 	db	255
  1360                           
  1361                           ;Config register CONFIG2L @ 0x300002
  1362                           ;	Master Clear Enable bit
  1363                           ;	MCLRE = EXTMCLR, MCLR pin (RE3) is MCLR
  1364                           ;	Power-up Timer Enable bit
  1365                           ;	PWRTE = OFF, Power up timer disabled
  1366                           ;	Low-power BOR enable bit
  1367                           ;	LPBOREN = OFF, Low power BOR is disabled
  1368                           ;	Brown-out Reset Enable bits
  1369                           ;	BOREN = ON, Brown-out Reset enabled according to SBOREN
  1370   300002                     	org	3145730
  1371   300002  7F                 	db	127
  1372                           
  1373                           ;Config register CONFIG2H @ 0x300003
  1374                           ;	Brown Out Reset Voltage selection bits
  1375                           ;	BORV = 0x3, unprogrammed default
  1376                           ;	ZCD Disable bit
  1377                           ;	ZCD = OFF, ZCD disabled. ZCD can be enabled by setting the ZCDSEN bit of ZCDCON
  1378                           ;	PPSLOCK bit One-Way Set Enable bit
  1379                           ;	PPS1WAY = ON, PPSLOCK bit can be cleared and set only once; PPS registers remain locke
      +                          d after one clear/set cycle
  1380                           ;	Stack Full/Underflow Reset Enable bit
  1381                           ;	STVREN = ON, Stack full/underflow will cause Reset
  1382                           ;	Extended Instruction Set Enable bit
  1383                           ;	XINST = 0x1, unprogrammed default
  1384   300003                     	org	3145731
  1385   300003  FF                 	db	255
  1386                           
  1387                           ;Config register CONFIG3L @ 0x300004
  1388                           ;	WDT Period Select bits
  1389                           ;	WDTCPS = 0x1F, unprogrammed default
  1390                           ;	WDT operating mode
  1391                           ;	WDTE = OFF, WDT Disabled
  1392   300004                     	org	3145732
  1393   300004  9F                 	db	159
  1394                           
  1395                           ;Config register CONFIG3H @ 0x300005
  1396                           ;	unspecified, using default values
  1397                           ;	WDT Window Select bits
  1398                           ;	WDTCWS = 0x7, unprogrammed default
  1399                           ;	WDT input clock selector
  1400                           ;	WDTCCS = 0x7, unprogrammed default
  1401   300005                     	org	3145733
  1402   300005  FF                 	db	255
  1403                           
  1404                           ;Config register CONFIG4L @ 0x300006
  1405                           ;	unspecified, using default values
  1406                           ;	Write Protection Block 0
  1407                           ;	WRT0 = 0x1, unprogrammed default
  1408                           ;	Write Protection Block 1
  1409                           ;	WRT1 = 0x1, unprogrammed default
  1410                           ;	Write Protection Block 2
  1411                           ;	WRT2 = 0x1, unprogrammed default
  1412                           ;	Write Protection Block 3
  1413                           ;	WRT3 = 0x1, unprogrammed default
  1414   300006                     	org	3145734
  1415   300006  FF                 	db	255
  1416                           
  1417                           ;Config register CONFIG4H @ 0x300007
  1418                           ;	Configuration Register Write Protection bit
  1419                           ;	WRTC = 0x1, unprogrammed default
  1420                           ;	Boot Block Write Protection bit
  1421                           ;	WRTB = 0x1, unprogrammed default
  1422                           ;	Data EEPROM Write Protection bit
  1423                           ;	WRTD = 0x1, unprogrammed default
  1424                           ;	Scanner Enable bit
  1425                           ;	SCANE = 0x1, unprogrammed default
  1426                           ;	Low Voltage Programming Enable bit
  1427                           ;	LVP = OFF, HV on MCLR/VPP must be used for programming
  1428   300007                     	org	3145735
  1429   300007  DF                 	db	223
  1430                           tosu	equ	0xFFF
  1431                           tosh	equ	0xFFE
  1432                           tosl	equ	0xFFD
  1433                           stkptr	equ	0xFFC
  1434                           pclatu	equ	0xFFB
  1435                           pclath	equ	0xFFA
  1436                           pcl	equ	0xFF9
  1437                           tblptru	equ	0xFF8
  1438                           tblptrh	equ	0xFF7
  1439                           tblptrl	equ	0xFF6
  1440                           tablat	equ	0xFF5
  1441                           prodh	equ	0xFF4
  1442                           prodl	equ	0xFF3
  1443                           indf0	equ	0xFEF
  1444                           postinc0	equ	0xFEE
  1445                           postdec0	equ	0xFED
  1446                           preinc0	equ	0xFEC
  1447                           plusw0	equ	0xFEB
  1448                           fsr0h	equ	0xFEA
  1449                           fsr0l	equ	0xFE9
  1450                           wreg	equ	0xFE8
  1451                           indf1	equ	0xFE7
  1452                           postinc1	equ	0xFE6
  1453                           postdec1	equ	0xFE5
  1454                           preinc1	equ	0xFE4
  1455                           plusw1	equ	0xFE3
  1456                           fsr1h	equ	0xFE2
  1457                           fsr1l	equ	0xFE1
  1458                           bsr	equ	0xFE0
  1459                           indf2	equ	0xFDF
  1460                           postinc2	equ	0xFDE
  1461                           postdec2	equ	0xFDD
  1462                           preinc2	equ	0xFDC
  1463                           plusw2	equ	0xFDB
  1464                           fsr2h	equ	0xFDA
  1465                           fsr2l	equ	0xFD9
  1466                           status	equ	0xFD8

Data Sizes:
    Strings     0
    Constant    0
    Data        0
    BSS         0
    Persistent  0
    Stack       0

Auto Spaces:
    Space          Size  Autos    Used
    COMRAM           95     16      16
    BANK0           160      0       0
    BANK1           256      0       0
    BANK2           256      0       0
    BANK3           256      0       0
    BANK4           256      0       0
    BANK5           256      0       0
    BANK6           256      0       0
    BANK7           256      0       0

Pointer List with Targets:

    None.

Critical Paths under _main in COMRAM

    _Example_Run->_GPIO_ReadDebounced
    _GPIO_ReadDebounced->_GPIO_Read

Critical Paths under _main in BANK0

    None.

Critical Paths under _main in BANK1

    None.

Critical Paths under _main in BANK2

    None.

Critical Paths under _main in BANK3

    None.

Critical Paths under _main in BANK4

    None.

Critical Paths under _main in BANK5

    None.

Critical Paths under _main in BANK6

    None.

Critical Paths under _main in BANK7

    None.

Call Graph Tables:

 ---------------------------------------------------------------------------------
 (Depth) Function   	        Calls       Base Space   Used Autos Params    Refs
 ---------------------------------------------------------------------------------
 (0) _main                                                 0     0      0    1282
                        _Example_Run
 ---------------------------------------------------------------------------------
 (1) _Example_Run                                          0     0      0    1282
                          _GPIO_Init
                 _GPIO_ReadDebounced
                  _GPIO_SetDirection
                         _GPIO_Write
                           _delay_ms
 ---------------------------------------------------------------------------------
 (2) _delay_ms                                             4     2      2      69
                                              0 COMRAM     4     2      2
 ---------------------------------------------------------------------------------
 (2) _GPIO_Write                                          12    10      2     323
                                              0 COMRAM    12    10      2
 ---------------------------------------------------------------------------------
 (2) _GPIO_SetDirection                                   12    10      2     325
                                              0 COMRAM    12    10      2
 ---------------------------------------------------------------------------------
 (2) _GPIO_ReadDebounced                                   6     5      1     565
                                             10 COMRAM     6     5      1
                          _GPIO_Read
 ---------------------------------------------------------------------------------
 (3) _GPIO_Read                                           10     9      1     323
                                              0 COMRAM    10     9      1
 ---------------------------------------------------------------------------------
 (2) _GPIO_Init                                            0     0      0       0
 ---------------------------------------------------------------------------------
 Estimated maximum stack depth 3
 ---------------------------------------------------------------------------------

 Call Graph Graphs:

 _main (ROOT)
   _Example_Run
     _GPIO_Init
     _GPIO_ReadDebounced
       _GPIO_Read
     _GPIO_SetDirection
     _GPIO_Write
     _delay_ms

Address spaces:
Name               Size   Autos  Total    Usage
BITCOMRAM           95      0       0      0.0%
BITBANK0           160      0       0      0.0%
BITBANK1           256      0       0      0.0%
BITBANK2           256      0       0      0.0%
BITBANK3           256      0       0      0.0%
BITBANK4           256      0       0      0.0%
BITBANK5           256      0       0      0.0%
BITBANK6           256      0       0      0.0%
BITBANK7           256      0       0      0.0%
BITBIGSFR_1        481      0       0      0.0%
BITBIGSFR          256      0       0      0.0%
COMRAM              95     16      16     16.8%
BANK0              160      0       0      0.0%
BANK1              256      0       0      0.0%
BANK2              256      0       0      0.0%
BANK3              256      0       0      0.0%
BANK4              256      0       0      0.0%
BANK5              256      0       0      0.0%
BANK6              256      0       0      0.0%
BANK7              256      0       0      0.0%
BIGRAM            2047      0       0      0.0%
STACK                0      0       0      0.0%
DATA                 0      0      16      0.0%


Microchip Technology PIC18 Macro Assembler V3.00 build 20241204225717 
Symbol Table                                                                                   Sat Mar 15 18:57:14 2025

                                l13 0E10                                  l31 0EA8  
                                l16 0E46                                  l35 0D7E  
                                l28 0EB8                                  l63 0C14  
                                l55 0ABE                                  l56 0C16  
                                l77 0AA6                         ?_GPIO_Write 0001  
                               l102 0E9A                                 l872 0E9C  
                               u504 0958                                 u600 0E0C  
                               u505 0954                                 u601 0E08  
                               u530 09C0                                 u514 097E  
                               u610 0E2C                                 u531 09BC  
                               u515 097A                                 u611 0E28  
                               u524 09A6                                 u700 0D0A  
                               u620 0E46                                 u525 09A2  
                               u701 0D06                                 u621 0E42  
                               u470 0914                                 u630 0C2A  
                               u471 0910                                 u631 0C26  
                               u544 09D2                                 u640 0C3E  
                               u545 09CE                                 u641 0C3A  
                               u570 0A3A                                 u554 09F8  
                               u490 0946                                 u730 0E7E  
                               u714 0D1C                                 u571 0A36  
                               u555 09F4                                 u491 0942  
                               u731 0E7A                                 u715 0D18  
                               u564 0A20                                 u484 092C  
                               u740 0E98                                 u724 0D46  
                               u820 0BA0                                 u804 0B4C  
                               u565 0A1C                                 u485 0928  
                               u741 0E94                                 u725 0D42  
                               u821 0B9C                                 u805 0B48  
                               u670 0CA4                                 u654 0C50  
                               u814 0B76                                 u750 0ABA  
                               u671 0CA0                                 u655 0C4C  
                               u815 0B72                                 u751 0AB6  
                               u584 0A4C                                 u664 0C7A  
                               u760 0AD4                                 u585 0A48  
                               u665 0C76                                 u761 0AD0  
                               u594 0A72                                 u834 0BB2  
                               u850 0DBA                                 u595 0A6E  
                               u835 0BAE                                 u851 0DB6  
                               u684 0CB6                                 u844 0BDC  
                               u860 0DCE                                 u685 0CB2  
                               u845 0BD8                                 u861 0DC8  
                               u694 0CE0                                 u790 0B3A  
                               u774 0AE6                                 u870 0DD0  
                               u695 0CDC                                 u791 0B36  
                               u775 0AE2                                 u784 0B10  
                               u785 0B0C                                l1100 0C8C  
                              l1110 0CFA                                l1102 0C94  
                              l1040 0946                                l1032 0904  
                              l1112 0D0A                                l1104 0CA4  
                              l1120 0D60                                l1050 09C0  
                              l1042 096C                                l1034 0914  
                              l1130 0E6C                                l1122 0E4A  
                              l1114 0D34                                l1106 0CCE  
                              l1060 0A3A                                l1052 09E6  
                              l1044 098E                                l1132 0E7E  
                              l1124 0E4E                                l1116 0D58  
                              l1108 0CF2                                l1062 0A60  
                              l1054 0A08                                l1038 091A  
                              l1134 0E84                                l1126 0E5A  
                              l1150 0AFE                                l1142 0AAA  
                              l1064 0A82                                l1048 0994  
                              l1128 0E60                                l1136 0E86  
                              l1160 0B88                                l1152 0B22  
                              l1080 0DF6                                l1058 0A0E  
                              l1074 0A88                                l1138 0E98  
                              l1090 0C1A                                l1162 0B90  
                              l1154 0B2A                                l1146 0AC4  
                              l1164 0BA0                                l1156 0B3A  
                              l1148 0AD4                                l1172 0BF6  
                              l1084 0E12                                l1076 0DEA  
                              l1180 0DA0                                l1094 0C2E  
                              l1166 0BCA                                l1158 0B64  
                              l1086 0E16                                l1078 0DEE  
                              l1182 0DBA                                l1174 0D80  
                              l1096 0C3E                                l1168 0BEE  
                              l1088 0E2C                                l1176 0D84  
                              l1184 0EB4                                l1098 0C68  
                              l1178 0D92                                _main 0EB4  
                     _GPIO_Read$120 0007                       _GPIO_Read$121 0009  
                     _GPIO_Read$119 0005                                start 7FFC  
                     ??_Example_Run 0011                        ___param_bank 0000  
                             ?_main 0001          GPIO_SetDirection@direction 0002  
                             status 0FD8                     __initialization 0EAA  
                      __end_of_main 0EBC                 __end_of_Example_Run 0DEA  
                            ??_main 0011                       __activetblptr 0002  
                 __end_of_GPIO_Init 0EAA                   __end_of_GPIO_Read 0AA8  
                _GPIO_ReadDebounced 0E48                 ?_GPIO_ReadDebounced 000B  
                  __end_of_delay_ms 0E48                      _GPIO_Write$113 0007  
                    _GPIO_Write$114 0009                      _GPIO_Write$115 000B  
      GPIO_ReadDebounced@temp_value 000F                        GPIO_Read@pin 0001  
                            isa$std 0001                ??_GPIO_ReadDebounced 000C  
                      __mediumconst 0900                              tblptru 0FF8  
                 _GPIO_SetDirection 0C18                  ?_GPIO_SetDirection 0001  
                        __accesstop 0060             __end_of__initialization 0EAA  
                     ___rparam_used 0001                 ??_GPIO_SetDirection 0003  
                       _Example_Run 0D80                      __pcstackCOMRAM 0001  
                      ??_GPIO_Write 0003           __end_of_GPIO_SetDirection 0D80  
                __end_of_GPIO_Write 0C18                GPIO_SetDirection@pin 0001  
GPIO_ReadDebounced@debounce_counter 000C                           ?_delay_ms 0001  
                           __Hparam 0000                             __Lparam 0000  
                     GPIO_Read@port 0004                        __psmallconst 0900  
                           __pcinit 0EAA                             __ramtop 0900  
                           __ptext0 0EB4                             __ptext1 0D80  
                           __ptext2 0DEA                             __ptext3 0AA8  
                           __ptext4 0C18                             __ptext5 0E48  
                           __ptext6 0902                             __ptext7 0E9C  
                        ??_delay_ms 0003                           _GPIO_Init 0E9C  
                         _GPIO_Read 0902                          delay_ms@ms 0001  
              end_of_initialization 0EAA      GPIO_ReadDebounced@stable_value 0010  
                     __Lmediumconst 0000                       GPIO_Write@pin 0001  
                        ?_GPIO_Init 0001                          ?_GPIO_Read 0001  
                      ?_Example_Run 0001                 start_initialization 0EAA  
                       ??_GPIO_Init 0001                         ??_GPIO_Read 0002  
             GPIO_SetDirection@port 0006                         __smallconst 0900  
                         delay_ms@j 0003               _GPIO_SetDirection$106 0007  
             _GPIO_SetDirection$107 0009               _GPIO_SetDirection$108 000B  
            GPIO_ReadDebounced@port 000E                            __Hrparam 0000  
                          __Lrparam 0000                            _delay_ms 0DEA  
                          isa$xinst 0000          __end_of_GPIO_ReadDebounced 0E9C  
                        _GPIO_Write 0AA8               GPIO_ReadDebounced@pin 000B  
                   GPIO_Write@value 0002                      GPIO_Write@port 0006  
               GPIO_ReadDebounced@i 000D  
